15739
16024
13416
31475
18264
24409
4559
7945
38469
11852
36762
19740
60888
44032
29138
36010
1658
68351
31326
63188
17353
33878
35646
44871
23346
54165
22502
50434
60858
49155
55801
64601
28067
43785
37140
3376
37323
41969
82112
21167
13276
49822
14774
25776
29558
4003
49878
390
74817
65687
73124
39061
68720
25169
60629
36601
12869
91933
37728
57456
65325
44621
5812
42268
21382
38470
34653
46088
44407
32806
15522
23546
6983
60547
34024
18484
16889
7697
35298
64442
45037
56857
7471
20974
34048
35527
64642
21988
56316
18344
41392
41164
17791
15469
55307
25973
7008
161
66727
21066
17647
34095
70998
29626
31548
59283
19073
24022
9420
33418
69323
72779
30780
33057
52186
49801
56762
62068
37612
3576
